<?xml version="1.0" encoding="UTF-8"?>
<!-- Generated by org.testng.reporters.JUnitXMLReporter -->
<testsuite hostname="SuperMan_ZS" name="Default test" tests="3" failures="0" timestamp="30 May 2016 09:25:38 GMT" time="0.604" errors="0">
  <testcase name="requestVerifyCode" time="0.493" classname="com.study.suit.SunTest"/>
  <testcase name="kkyLogin" time="0.031" classname="com.study.suit.SunTest"/>
  <testcase name="getVerifyCode" time="0.032" classname="com.study.suit.SunTest"/>
</testsuite> <!-- Default test -->
