<?xml version="1.0" encoding="UTF-8"?>
<testng-results skipped="0" failed="0" ignored="0" total="4" passed="4">
  <reporter-output>
    <line>
      <![CDATA[{"content":{"top_tips":"","lock_balance":0,"default_address":{"city_id":"456","id":"501577","town_id":"43014","area_id":"4446","prov":"北京市","phone":"","area":"东城区","address":"三里屯酒吧","name":"列王","town":"内环到三环里","prov_id":"1","city":"北京市","mobile":"13888888888"},"show_invoice_desc":"","checkout_item":[{"sub_item":[{"warehouse_name":"","lottery_flag":"","sale_price":"200.00","is_gift":"0","item_time":"2017-01-09 17:50:07","spec_show":"","pic":"https://img02.miyabaobei.com/item/10/1000/1000137_normal_1.jpg","size":"SINGLE","is_spu":"0","market_price":"200.00","item_id":"1000137","name":"啾啾  CHUCHU 可爱妈妈玻璃宽口奶瓶 皇冠 160ml","quantity":3}],"sub_content":{"title":"蜜芽自营","has_hongkong_warehouse":0,"sub_pay_price":600,"sub_total_qty":3}}],"other_address":[{"city_id":"456","id":"501577","town_id":"43014","area_id":"4446","prov":"北京市","phone":"","area":"东城区","address":"三里屯酒吧","name":"列王","town":"内环到三环里","prov_id":"1","city":"北京市","mobile":"13888888888"}],"mia_tips":"","cart_total":{"total_coupon_price":0,"redbag_refresh":true,"sale_price":600,"total_redbag_price":"0","coupon_text":"使用优惠券","total_promotion_reduce":40,"reduce_price":40,"settlement_mode":0,"coupon_code":"","coupon_refresh":true,"freight_price":0,"freight_spec":"","redbag_text":"使用红包","coupon_spec":"","thrift_price":0,"total_market_price":600,"free_ship_flag":"","redbag_spec":"","quantity":3,"redbag_use_flag":true,"pay_price":560,"redbag_id":""},"total_balance":0,"type":"official","may_invoice":false,"promote_image":""},"request_id":"20170109175035b0377b0bed1e8edbd1b202b774b4fa1d","alert":"查询成功","code":200}]]>
    </line>
    <line>
      <![CDATA[{"content":{"wrong_items":[{"item_name":"啾啾  CHUCHU 可爱妈妈玻璃宽口奶瓶 皇冠 160ml","item_id":"1000137","item_quantity":1,"item_pic":"https://img02.miyabaobei.com/item/10/1000/1000137_normal_1.jpg","item_error_tips":"当前商品无货"}]},"request_id":"201701091750368cbb56d050f2bfcdb3a95f99f6e42308","alert":"查询成功","code":200}]]>
    </line>
    <line>
      <![CDATA[{"content":"","alert":"啾啾  CHUCHU 可爱妈妈玻璃宽口奶瓶 皇冠 160ml 商品缺货","code":702,"msg":"啾啾  CHUCHU 可爱妈妈玻璃宽口奶瓶 皇冠 160ml 商品缺货"}]]>
    </line>
    <line>
      <![CDATA[{"content":{"top_tips":"","lock_balance":0,"default_address":{"city_id":"456","id":"501577","town_id":"43014","area_id":"4446","prov":"北京市","phone":"","area":"东城区","address":"三里屯酒吧","name":"列王","town":"内环到三环里","prov_id":"1","city":"北京市","mobile":"13888888888"},"show_invoice_desc":"","checkout_item":[{"sub_item":[{"warehouse_name":"","lottery_flag":"","sale_price":"200.00","is_gift":"0","item_time":"2017-01-09 17:50:10","spec_show":"","pic":"https://img02.miyabaobei.com/item/10/1000/1000137_normal_1.jpg","size":"SINGLE","is_spu":"0","market_price":"200.00","item_id":"1000137","name":"啾啾  CHUCHU 可爱妈妈玻璃宽口奶瓶 皇冠 160ml","quantity":3}],"sub_content":{"title":"蜜芽自营","has_hongkong_warehouse":0,"sub_pay_price":600,"sub_total_qty":3}}],"other_address":[{"city_id":"456","id":"501577","town_id":"43014","area_id":"4446","prov":"北京市","phone":"","area":"东城区","address":"三里屯酒吧","name":"列王","town":"内环到三环里","prov_id":"1","city":"北京市","mobile":"13888888888"}],"mia_tips":"","cart_total":{"total_coupon_price":0,"redbag_refresh":true,"sale_price":600,"total_redbag_price":"0","coupon_text":"使用优惠券","total_promotion_reduce":40,"reduce_price":40,"settlement_mode":0,"coupon_code":"","coupon_refresh":true,"freight_price":0,"freight_spec":"","redbag_text":"使用红包","coupon_spec":"","thrift_price":0,"total_market_price":600,"free_ship_flag":"","redbag_spec":"","quantity":3,"redbag_use_flag":true,"pay_price":560,"redbag_id":""},"total_balance":0,"type":"official","may_invoice":false,"promote_image":""},"request_id":"20170109175037a3a7dc19c857e9b7f888fbcf1d7b31e5","alert":"查询成功","code":200}]]>
    </line>
  </reporter-output>
  <suite name="Suite" duration-ms="4872" started-at="2017-01-09T09:50:47Z" finished-at="2017-01-09T09:50:52Z">
    <groups>
      <group name="checkout_single">
        <method signature="Checkout_Single_1.Test()[pri:0, instance:com.mia.Test.Checkout.Checkout_Single_1@119079e]" name="Test" class="com.mia.Test.Checkout.Checkout_Single_1"/>
        <method signature="Checkout_Single_2.Test()[pri:0, instance:com.mia.Test.Checkout.Checkout_Single_2@433461]" name="Test" class="com.mia.Test.Checkout.Checkout_Single_2"/>
        <method signature="Checkout_Single_3.Test()[pri:0, instance:com.mia.Test.Checkout.Checkout_Single_3@2401c1]" name="Test" class="com.mia.Test.Checkout.Checkout_Single_3"/>
        <method signature="Checkout_Single_4.Test()[pri:0, instance:com.mia.Test.Checkout.Checkout_Single_4@1ef303b]" name="Test" class="com.mia.Test.Checkout.Checkout_Single_4"/>
      </group> <!-- checkout_single -->
      <group name="checkout">
        <method signature="Checkout_Single_1.Test()[pri:0, instance:com.mia.Test.Checkout.Checkout_Single_1@119079e]" name="Test" class="com.mia.Test.Checkout.Checkout_Single_1"/>
        <method signature="Checkout_Single_2.Test()[pri:0, instance:com.mia.Test.Checkout.Checkout_Single_2@433461]" name="Test" class="com.mia.Test.Checkout.Checkout_Single_2"/>
        <method signature="Checkout_Single_3.Test()[pri:0, instance:com.mia.Test.Checkout.Checkout_Single_3@2401c1]" name="Test" class="com.mia.Test.Checkout.Checkout_Single_3"/>
        <method signature="Checkout_Single_4.Test()[pri:0, instance:com.mia.Test.Checkout.Checkout_Single_4@1ef303b]" name="Test" class="com.mia.Test.Checkout.Checkout_Single_4"/>
      </group> <!-- checkout -->
    </groups>
    <test name="TestDebug" duration-ms="4872" started-at="2017-01-09T09:50:47Z" finished-at="2017-01-09T09:50:52Z">
      <class name="com.mia.Test.Checkout.Checkout_Single_1">
        <test-method status="PASS" signature="BeforeMethod()[pri:0, instance:com.mia.Test.Checkout.Checkout_Single_1@119079e]" name="BeforeMethod" is-config="true" duration-ms="1413" started-at="2017-01-09T17:50:47Z" finished-at="2017-01-09T17:50:49Z">
          <reporter-output>
          </reporter-output>
        </test-method> <!-- BeforeMethod -->
        <test-method status="PASS" signature="Test()[pri:0, instance:com.mia.Test.Checkout.Checkout_Single_1@119079e]" name="Test" duration-ms="454" started-at="2017-01-09T17:50:49Z" description="checckout_普通单品结算_1" finished-at="2017-01-09T17:50:49Z">
          <reporter-output>
            <line>
              <![CDATA[{"content":{"top_tips":"","lock_balance":0,"default_address":{"city_id":"456","id":"501577","town_id":"43014","area_id":"4446","prov":"北京市","phone":"","area":"东城区","address":"三里屯酒吧","name":"列王","town":"内环到三环里","prov_id":"1","city":"北京市","mobile":"13888888888"},"show_invoice_desc":"","checkout_item":[{"sub_item":[{"warehouse_name":"","lottery_flag":"","sale_price":"200.00","is_gift":"0","item_time":"2017-01-09 17:50:07","spec_show":"","pic":"https://img02.miyabaobei.com/item/10/1000/1000137_normal_1.jpg","size":"SINGLE","is_spu":"0","market_price":"200.00","item_id":"1000137","name":"啾啾  CHUCHU 可爱妈妈玻璃宽口奶瓶 皇冠 160ml","quantity":3}],"sub_content":{"title":"蜜芽自营","has_hongkong_warehouse":0,"sub_pay_price":600,"sub_total_qty":3}}],"other_address":[{"city_id":"456","id":"501577","town_id":"43014","area_id":"4446","prov":"北京市","phone":"","area":"东城区","address":"三里屯酒吧","name":"列王","town":"内环到三环里","prov_id":"1","city":"北京市","mobile":"13888888888"}],"mia_tips":"","cart_total":{"total_coupon_price":0,"redbag_refresh":true,"sale_price":600,"total_redbag_price":"0","coupon_text":"使用优惠券","total_promotion_reduce":40,"reduce_price":40,"settlement_mode":0,"coupon_code":"","coupon_refresh":true,"freight_price":0,"freight_spec":"","redbag_text":"使用红包","coupon_spec":"","thrift_price":0,"total_market_price":600,"free_ship_flag":"","redbag_spec":"","quantity":3,"redbag_use_flag":true,"pay_price":560,"redbag_id":""},"total_balance":0,"type":"official","may_invoice":false,"promote_image":""},"request_id":"20170109175035b0377b0bed1e8edbd1b202b774b4fa1d","alert":"查询成功","code":200}]]>
            </line>
          </reporter-output>
        </test-method> <!-- Test -->
        <test-method status="PASS" signature="AfterMethod()[pri:0, instance:com.mia.Test.Checkout.Checkout_Single_1@119079e]" name="AfterMethod" is-config="true" duration-ms="468" started-at="2017-01-09T17:50:49Z" finished-at="2017-01-09T17:50:50Z">
          <reporter-output>
          </reporter-output>
        </test-method> <!-- AfterMethod -->
      </class> <!-- com.mia.Test.Checkout.Checkout_Single_1 -->
      <class name="com.mia.Test.Checkout.Checkout_Single_3">
        <test-method status="PASS" signature="BeforeMethod()[pri:0, instance:com.mia.Test.Checkout.Checkout_Single_3@2401c1]" name="BeforeMethod" is-config="true" duration-ms="222" started-at="2017-01-09T17:50:50Z" finished-at="2017-01-09T17:50:50Z">
          <reporter-output>
          </reporter-output>
        </test-method> <!-- BeforeMethod -->
        <test-method status="PASS" signature="Test()[pri:0, instance:com.mia.Test.Checkout.Checkout_Single_3@2401c1]" name="Test" duration-ms="224" started-at="2017-01-09T17:50:50Z" description="checckout_普通单品结算_3" finished-at="2017-01-09T17:50:51Z">
          <reporter-output>
            <line>
              <![CDATA[{"content":"","alert":"啾啾  CHUCHU 可爱妈妈玻璃宽口奶瓶 皇冠 160ml 商品缺货","code":702,"msg":"啾啾  CHUCHU 可爱妈妈玻璃宽口奶瓶 皇冠 160ml 商品缺货"}]]>
            </line>
          </reporter-output>
        </test-method> <!-- Test -->
        <test-method status="PASS" signature="AfterMethod()[pri:0, instance:com.mia.Test.Checkout.Checkout_Single_3@2401c1]" name="AfterMethod" is-config="true" duration-ms="413" started-at="2017-01-09T17:50:51Z" finished-at="2017-01-09T17:50:51Z">
          <reporter-output>
          </reporter-output>
        </test-method> <!-- AfterMethod -->
      </class> <!-- com.mia.Test.Checkout.Checkout_Single_3 -->
      <class name="com.mia.Test.Checkout.Checkout_Single_2">
        <test-method status="PASS" signature="BeforeMethod()[pri:0, instance:com.mia.Test.Checkout.Checkout_Single_2@433461]" name="BeforeMethod" is-config="true" duration-ms="246" started-at="2017-01-09T17:50:50Z" finished-at="2017-01-09T17:50:50Z">
          <reporter-output>
          </reporter-output>
        </test-method> <!-- BeforeMethod -->
        <test-method status="PASS" signature="Test()[pri:0, instance:com.mia.Test.Checkout.Checkout_Single_2@433461]" name="Test" duration-ms="241" started-at="2017-01-09T17:50:50Z" description="checckout_普通单品结算_2" finished-at="2017-01-09T17:50:50Z">
          <reporter-output>
            <line>
              <![CDATA[{"content":{"wrong_items":[{"item_name":"啾啾  CHUCHU 可爱妈妈玻璃宽口奶瓶 皇冠 160ml","item_id":"1000137","item_quantity":1,"item_pic":"https://img02.miyabaobei.com/item/10/1000/1000137_normal_1.jpg","item_error_tips":"当前商品无货"}]},"request_id":"201701091750368cbb56d050f2bfcdb3a95f99f6e42308","alert":"查询成功","code":200}]]>
            </line>
          </reporter-output>
        </test-method> <!-- Test -->
        <test-method status="PASS" signature="AfterMethod()[pri:0, instance:com.mia.Test.Checkout.Checkout_Single_2@433461]" name="AfterMethod" is-config="true" duration-ms="222" started-at="2017-01-09T17:50:50Z" finished-at="2017-01-09T17:50:50Z">
          <reporter-output>
          </reporter-output>
        </test-method> <!-- AfterMethod -->
      </class> <!-- com.mia.Test.Checkout.Checkout_Single_2 -->
      <class name="com.mia.Test.Checkout.Checkout_Single_4">
        <test-method status="PASS" signature="BeforeMethod()[pri:0, instance:com.mia.Test.Checkout.Checkout_Single_4@1ef303b]" name="BeforeMethod" is-config="true" duration-ms="269" started-at="2017-01-09T17:50:51Z" finished-at="2017-01-09T17:50:51Z">
          <reporter-output>
          </reporter-output>
        </test-method> <!-- BeforeMethod -->
        <test-method status="PASS" signature="Test()[pri:0, instance:com.mia.Test.Checkout.Checkout_Single_4@1ef303b]" name="Test" duration-ms="239" started-at="2017-01-09T17:50:51Z" description="checckout_普通单品结算_4" finished-at="2017-01-09T17:50:52Z">
          <reporter-output>
            <line>
              <![CDATA[{"content":{"top_tips":"","lock_balance":0,"default_address":{"city_id":"456","id":"501577","town_id":"43014","area_id":"4446","prov":"北京市","phone":"","area":"东城区","address":"三里屯酒吧","name":"列王","town":"内环到三环里","prov_id":"1","city":"北京市","mobile":"13888888888"},"show_invoice_desc":"","checkout_item":[{"sub_item":[{"warehouse_name":"","lottery_flag":"","sale_price":"200.00","is_gift":"0","item_time":"2017-01-09 17:50:10","spec_show":"","pic":"https://img02.miyabaobei.com/item/10/1000/1000137_normal_1.jpg","size":"SINGLE","is_spu":"0","market_price":"200.00","item_id":"1000137","name":"啾啾  CHUCHU 可爱妈妈玻璃宽口奶瓶 皇冠 160ml","quantity":3}],"sub_content":{"title":"蜜芽自营","has_hongkong_warehouse":0,"sub_pay_price":600,"sub_total_qty":3}}],"other_address":[{"city_id":"456","id":"501577","town_id":"43014","area_id":"4446","prov":"北京市","phone":"","area":"东城区","address":"三里屯酒吧","name":"列王","town":"内环到三环里","prov_id":"1","city":"北京市","mobile":"13888888888"}],"mia_tips":"","cart_total":{"total_coupon_price":0,"redbag_refresh":true,"sale_price":600,"total_redbag_price":"0","coupon_text":"使用优惠券","total_promotion_reduce":40,"reduce_price":40,"settlement_mode":0,"coupon_code":"","coupon_refresh":true,"freight_price":0,"freight_spec":"","redbag_text":"使用红包","coupon_spec":"","thrift_price":0,"total_market_price":600,"free_ship_flag":"","redbag_spec":"","quantity":3,"redbag_use_flag":true,"pay_price":560,"redbag_id":""},"total_balance":0,"type":"official","may_invoice":false,"promote_image":""},"request_id":"20170109175037a3a7dc19c857e9b7f888fbcf1d7b31e5","alert":"查询成功","code":200}]]>
            </line>
          </reporter-output>
        </test-method> <!-- Test -->
        <test-method status="PASS" signature="AfterMethod()[pri:0, instance:com.mia.Test.Checkout.Checkout_Single_4@1ef303b]" name="AfterMethod" is-config="true" duration-ms="414" started-at="2017-01-09T17:50:52Z" finished-at="2017-01-09T17:50:52Z">
          <reporter-output>
          </reporter-output>
        </test-method> <!-- AfterMethod -->
      </class> <!-- com.mia.Test.Checkout.Checkout_Single_4 -->
    </test> <!-- TestDebug -->
  </suite> <!-- Suite -->
</testng-results>
