<?xml version="1.0" encoding="UTF-8"?>
<testng-results skipped="0" failed="0" total="3" passed="3">
  <reporter-output>
  </reporter-output>
  <suite name="Suite" duration-ms="500" started-at="2016-05-30T09:26:35Z" finished-at="2016-05-30T09:26:36Z">
    <groups>
    </groups>
    <test name="Sun_test" duration-ms="500" started-at="2016-05-30T09:26:35Z" finished-at="2016-05-30T09:26:36Z">
      <class name="com.study.suit.SunTest">
        <test-method status="PASS" signature="requestVerifyCode(java.lang.String, java.lang.String, java.lang.String)[pri:0, instance:com.study.suit.SunTest@5d3411d]" name="requestVerifyCode" duration-ms="406" started-at="2016-05-30T17:26:35Z" data-provider="requestVerifyCode" finished-at="2016-05-30T17:26:36Z">
          <params>
            <param index="0">
              <value>
                <![CDATA[15011431111]]>
              </value>
            </param>
            <param index="1">
              <value>
                <![CDATA[1464600395656]]>
              </value>
            </param>
            <param index="2">
              <value>
                <![CDATA[test]]>
              </value>
            </param>
          </params>
          <reporter-output>
          </reporter-output>
        </test-method> <!-- requestVerifyCode -->
        <test-method status="PASS" signature="kkyLogin(java.lang.String, java.lang.String, java.lang.String, java.lang.String, java.lang.String, java.lang.String)[pri:0, instance:com.study.suit.SunTest@5d3411d]" name="kkyLogin" duration-ms="16" started-at="2016-05-30T17:26:36Z" data-provider="kkyLogin" finished-at="2016-05-30T17:26:36Z">
          <params>
            <param index="0">
              <value>
                <![CDATA[15011431111]]>
              </value>
            </param>
            <param index="1">
              <value>
                <![CDATA[4769]]>
              </value>
            </param>
            <param index="2">
              <value>
                <![CDATA[test]]>
              </value>
            </param>
            <param index="3">
              <value>
                <![CDATA[test]]>
              </value>
            </param>
            <param index="4">
              <value>
                <![CDATA[test]]>
              </value>
            </param>
            <param index="5">
              <value>
                <![CDATA[black_box]]>
              </value>
            </param>
          </params>
          <reporter-output>
          </reporter-output>
        </test-method> <!-- kkyLogin -->
        <test-method status="PASS" signature="getVerifyCode(java.lang.String)[pri:0, instance:com.study.suit.SunTest@5d3411d]" name="getVerifyCode" duration-ms="31" started-at="2016-05-30T17:26:36Z" data-provider="getVerifyCode" depends-on-methods="com.study.suit.SunTest.requestVerifyCode" finished-at="2016-05-30T17:26:36Z">
          <params>
            <param index="0">
              <value>
                <![CDATA[15011431111]]>
              </value>
            </param>
          </params>
          <reporter-output>
          </reporter-output>
        </test-method> <!-- getVerifyCode -->
      </class> <!-- com.study.suit.SunTest -->
    </test> <!-- Sun_test -->
  </suite> <!-- Suite -->
</testng-results>
