<?xml version="1.0" encoding="UTF-8"?>
<!-- Generated by org.testng.reporters.JUnitXMLReporter -->
<testsuite hostname="Work-PC" ignored="0" name="TestDebug" tests="4" failures="0" timestamp="09 一月 2017 09:50:52 GMT" time="4.872" errors="0">
  <testcase name="Test" time="0.454" classname="com.mia.Test.Checkout.Checkout_Single_1"/>
  <testcase name="Test" time="0.241" classname="com.mia.Test.Checkout.Checkout_Single_2"/>
  <testcase name="Test" time="0.224" classname="com.mia.Test.Checkout.Checkout_Single_3"/>
  <testcase name="Test" time="0.239" classname="com.mia.Test.Checkout.Checkout_Single_4"/>
</testsuite> <!-- TestDebug -->
