<?xml version="1.0" encoding="UTF-8"?>
<testng-results skipped="0" failed="0" total="2" passed="2">
  <reporter-output>
  </reporter-output>
  <suite name="Default suite" duration-ms="611" started-at="2016-05-27T10:14:57Z" finished-at="2016-05-27T10:14:58Z">
    <groups>
    </groups>
    <test name="Default test" duration-ms="611" started-at="2016-05-27T10:14:57Z" finished-at="2016-05-27T10:14:58Z">
      <class name="com.study.suit.SunTest">
        <test-method status="PASS" signature="getVerifyCode(java.lang.String)[pri:0, instance:com.study.suit.SunTest@12bc6874]" name="getVerifyCode" duration-ms="528" started-at="2016-05-27T18:14:57Z" data-provider="getVerifyCode" finished-at="2016-05-27T18:14:58Z">
          <params>
            <param index="0">
              <value>
                <![CDATA[15011431111]]>
              </value>
            </param>
          </params>
          <reporter-output>
          </reporter-output>
        </test-method> <!-- getVerifyCode -->
        <test-method status="PASS" signature="requestVerifyCode(java.lang.String, java.lang.String, java.lang.String)[pri:0, instance:com.study.suit.SunTest@12bc6874]" name="requestVerifyCode" duration-ms="36" started-at="2016-05-27T18:14:58Z" data-provider="requestVerifyCode" finished-at="2016-05-27T18:14:58Z">
          <params>
            <param index="0">
              <value>
                <![CDATA[15011431111]]>
              </value>
            </param>
            <param index="1">
              <value>
                <![CDATA[1464344098363]]>
              </value>
            </param>
            <param index="2">
              <value>
                <![CDATA[test]]>
              </value>
            </param>
          </params>
          <reporter-output>
          </reporter-output>
        </test-method> <!-- requestVerifyCode -->
      </class> <!-- com.study.suit.SunTest -->
    </test> <!-- Default test -->
  </suite> <!-- Default suite -->
</testng-results>
