<?xml version="1.0" encoding="UTF-8"?>
<!-- Generated by org.testng.reporters.JUnitXMLReporter -->
<testsuite hostname="SuperMan_ZS" name="Sun_test" tests="3" failures="0" timestamp="30 May 2016 09:26:36 GMT" time="0.5" errors="0">
  <testcase name="requestVerifyCode" time="0.406" classname="com.study.suit.SunTest"/>
  <testcase name="kkyLogin" time="0.016" classname="com.study.suit.SunTest"/>
  <testcase name="getVerifyCode" time="0.031" classname="com.study.suit.SunTest"/>
</testsuite> <!-- Sun_test -->
